2022-09-03 01:51:37.096 -03 [28] LOG:  database system was shut down at 2022-09-03 01:51:19 -03
2022-09-03 01:51:37.106 -03 [1] LOG:  database system is ready to accept connections
2022-09-03 01:52:37.135 -03 [33] LOG:  could not open temporary statistics file "pg_stat_tmp/global.tmp": Permission denied
2022-09-03 01:52:37.174 -03 [1] LOG:  could not open file "postmaster.pid": Permission denied; continuing anyway
2022-09-03 01:52:37.787 -03 [33] LOG:  could not open temporary statistics file "pg_stat_tmp/global.tmp": Permission denied
2022-09-03 01:52:37.787 -03 [33] LOG:  could not open temporary statistics file "pg_stat_tmp/global.tmp": Permission denied
2022-09-03 01:52:38.437 -03 [33] LOG:  could not open temporary statistics file "pg_stat_tmp/global.tmp": Permission denied
2022-09-03 01:52:38.437 -03 [33] LOG:  could not open temporary statistics file "pg_stat_tmp/global.tmp": Permission denied
2022-09-03 01:52:39.089 -03 [33] LOG:  could not open temporary statistics file "pg_stat_tmp/global.tmp": Permission denied
2022-09-03 01:52:39.089 -03 [33] LOG:  could not open temporary statistics file "pg_stat_tmp/global.tmp": Permission denied
2022-09-03 01:52:39.739 -03 [33] LOG:  could not open temporary statistics file "pg_stat_tmp/global.tmp": Permission denied
2022-09-03 01:52:39.739 -03 [33] LOG:  could not open temporary statistics file "pg_stat_tmp/global.tmp": Permission denied
2022-09-03 01:52:40.389 -03 [33] LOG:  could not open temporary statistics file "pg_stat_tmp/global.tmp": Permission denied
2022-09-03 01:52:40.389 -03 [33] LOG:  could not open temporary statistics file "pg_stat_tmp/global.tmp": Permission denied
2022-09-03 01:52:41.040 -03 [33] LOG:  could not open temporary statistics file "pg_stat_tmp/global.tmp": Permission denied
2022-09-03 01:52:41.040 -03 [33] LOG:  could not open temporary statistics file "pg_stat_tmp/global.tmp": Permission denied
2022-09-03 01:52:41.690 -03 [33] LOG:  could not open temporary statistics file "pg_stat_tmp/global.tmp": Permission denied
2022-09-03 01:52:41.690 -03 [33] LOG:  could not open temporary statistics file "pg_stat_tmp/global.tmp": Permission denied
2022-09-03 01:52:42.340 -03 [33] LOG:  could not open temporary statistics file "pg_stat_tmp/global.tmp": Permission denied
2022-09-03 01:52:42.340 -03 [33] LOG:  could not open temporary statistics file "pg_stat_tmp/global.tmp": Permission denied
2022-09-03 01:52:42.989 -03 [33] LOG:  could not open temporary statistics file "pg_stat_tmp/global.tmp": Permission denied
2022-09-03 01:52:42.989 -03 [33] LOG:  could not open temporary statistics file "pg_stat_tmp/global.tmp": Permission denied
2022-09-03 01:52:43.639 -03 [33] LOG:  could not open temporary statistics file "pg_stat_tmp/global.tmp": Permission denied
2022-09-03 01:52:43.639 -03 [33] LOG:  could not open temporary statistics file "pg_stat_tmp/global.tmp": Permission denied
2022-09-03 01:52:44.289 -03 [33] LOG:  could not open temporary statistics file "pg_stat_tmp/global.tmp": Permission denied
2022-09-03 01:52:44.289 -03 [33] LOG:  could not open temporary statistics file "pg_stat_tmp/global.tmp": Permission denied
2022-09-03 01:52:44.939 -03 [33] LOG:  could not open temporary statistics file "pg_stat_tmp/global.tmp": Permission denied
2022-09-03 01:52:44.939 -03 [33] LOG:  could not open temporary statistics file "pg_stat_tmp/global.tmp": Permission denied
2022-09-03 01:52:45.589 -03 [33] LOG:  could not open temporary statistics file "pg_stat_tmp/global.tmp": Permission denied
2022-09-03 01:52:45.589 -03 [33] LOG:  could not open temporary statistics file "pg_stat_tmp/global.tmp": Permission denied
2022-09-03 01:52:46.240 -03 [33] LOG:  could not open temporary statistics file "pg_stat_tmp/global.tmp": Permission denied
2022-09-03 01:52:46.240 -03 [33] LOG:  could not open temporary statistics file "pg_stat_tmp/global.tmp": Permission denied
2022-09-03 01:52:46.891 -03 [33] LOG:  could not open temporary statistics file "pg_stat_tmp/global.tmp": Permission denied
2022-09-03 01:52:46.891 -03 [33] LOG:  could not open temporary statistics file "pg_stat_tmp/global.tmp": Permission denied
2022-09-03 01:52:47.297 -03 [32] LOG:  using stale statistics instead of current ones because stats collector is not responding
2022-09-03 01:52:47.297 -03 [33] LOG:  could not open temporary statistics file "pg_stat_tmp/global.tmp": Permission denied
2022-09-03 01:52:47.297 -03 [33] LOG:  could not open temporary statistics file "pg_stat_tmp/global.tmp": Permission denied
2022-09-03 01:52:47.947 -03 [33] LOG:  could not open temporary statistics file "pg_stat_tmp/global.tmp": Permission denied
2022-09-03 01:52:47.947 -03 [33] LOG:  could not open temporary statistics file "pg_stat_tmp/global.tmp": Permission denied
2022-09-03 01:52:48.597 -03 [33] LOG:  could not open temporary statistics file "pg_stat_tmp/global.tmp": Permission denied
2022-09-03 01:52:48.597 -03 [33] LOG:  could not open temporary statistics file "pg_stat_tmp/global.tmp": Permission denied
2022-09-03 01:52:49.248 -03 [33] LOG:  could not open temporary statistics file "pg_stat_tmp/global.tmp": Permission denied
2022-09-03 01:52:49.248 -03 [33] LOG:  could not open temporary statistics file "pg_stat_tmp/global.tmp": Permission denied
2022-09-03 01:52:49.902 -03 [33] LOG:  could not open temporary statistics file "pg_stat_tmp/global.tmp": Permission denied
2022-09-03 01:52:49.902 -03 [33] LOG:  could not open temporary statistics file "pg_stat_tmp/global.tmp": Permission denied
2022-09-03 01:52:50.554 -03 [33] LOG:  could not open temporary statistics file "pg_stat_tmp/global.tmp": Permission denied
2022-09-03 01:52:50.554 -03 [33] LOG:  could not open temporary statistics file "pg_stat_tmp/global.tmp": Permission denied
2022-09-03 01:52:51.207 -03 [33] LOG:  could not open temporary statistics file "pg_stat_tmp/global.tmp": Permission denied
2022-09-03 01:52:51.207 -03 [33] LOG:  could not open temporary statistics file "pg_stat_tmp/global.tmp": Permission denied
2022-09-03 01:52:51.857 -03 [33] LOG:  could not open temporary statistics file "pg_stat_tmp/global.tmp": Permission denied
2022-09-03 01:52:51.857 -03 [33] LOG:  could not open temporary statistics file "pg_stat_tmp/global.tmp": Permission denied
2022-09-03 01:52:52.509 -03 [33] LOG:  could not open temporary statistics file "pg_stat_tmp/global.tmp": Permission denied
2022-09-03 01:52:52.509 -03 [33] LOG:  could not open temporary statistics file "pg_stat_tmp/global.tmp": Permission denied
2022-09-03 01:52:53.160 -03 [33] LOG:  could not open temporary statistics file "pg_stat_tmp/global.tmp": Permission denied
2022-09-03 01:52:53.161 -03 [33] LOG:  could not open temporary statistics file "pg_stat_tmp/global.tmp": Permission denied
2022-09-03 01:52:53.811 -03 [33] LOG:  could not open temporary statistics file "pg_stat_tmp/global.tmp": Permission denied
2022-09-03 01:52:53.811 -03 [33] LOG:  could not open temporary statistics file "pg_stat_tmp/global.tmp": Permission denied
2022-09-03 01:52:54.462 -03 [33] LOG:  could not open temporary statistics file "pg_stat_tmp/global.tmp": Permission denied
2022-09-03 01:52:54.462 -03 [33] LOG:  could not open temporary statistics file "pg_stat_tmp/global.tmp": Permission denied
2022-09-03 01:52:55.114 -03 [33] LOG:  could not open temporary statistics file "pg_stat_tmp/global.tmp": Permission denied
2022-09-03 01:52:55.114 -03 [33] LOG:  could not open temporary statistics file "pg_stat_tmp/global.tmp": Permission denied
2022-09-03 01:52:55.764 -03 [33] LOG:  could not open temporary statistics file "pg_stat_tmp/global.tmp": Permission denied
2022-09-03 01:52:55.764 -03 [33] LOG:  could not open temporary statistics file "pg_stat_tmp/global.tmp": Permission denied
2022-09-03 01:52:56.415 -03 [33] LOG:  could not open temporary statistics file "pg_stat_tmp/global.tmp": Permission denied
2022-09-03 01:52:56.416 -03 [33] LOG:  could not open temporary statistics file "pg_stat_tmp/global.tmp": Permission denied
2022-09-03 01:52:57.067 -03 [33] LOG:  could not open temporary statistics file "pg_stat_tmp/global.tmp": Permission denied
2022-09-03 01:52:57.067 -03 [33] LOG:  could not open temporary statistics file "pg_stat_tmp/global.tmp": Permission denied
2022-09-03 01:52:57.473 -03 [32] LOG:  using stale statistics instead of current ones because stats collector is not responding
2022-09-03 01:52:57.473 -03 [33] LOG:  could not open temporary statistics file "pg_stat_tmp/global.tmp": Permission denied
2022-09-03 01:52:57.473 -03 [33] LOG:  could not open temporary statistics file "pg_stat_tmp/global.tmp": Permission denied
2022-09-03 01:52:58.122 -03 [33] LOG:  could not open temporary statistics file "pg_stat_tmp/global.tmp": Permission denied
2022-09-03 01:52:58.123 -03 [33] LOG:  could not open temporary statistics file "pg_stat_tmp/global.tmp": Permission denied
2022-09-03 01:52:58.190 -03 [1] LOG:  received fast shutdown request
2022-09-03 01:52:58.190 -03 [1] LOG:  could not open file "postmaster.pid": Permission denied
2022-09-03 01:52:58.190 -03 [1] LOG:  aborting any active transactions
2022-09-03 01:52:58.196 -03 [1] LOG:  background worker "logical replication launcher" (PID 34) exited with exit code 1
2022-09-03 01:52:58.767 -03 [33] LOG:  could not open temporary statistics file "pg_stat_tmp/global.tmp": Permission denied
2022-09-03 01:52:58.768 -03 [33] LOG:  could not open temporary statistics file "pg_stat_tmp/global.tmp": Permission denied
2022-09-03 01:52:59.416 -03 [33] LOG:  could not open temporary statistics file "pg_stat_tmp/global.tmp": Permission denied
2022-09-03 01:52:59.416 -03 [33] LOG:  could not open temporary statistics file "pg_stat_tmp/global.tmp": Permission denied
2022-09-03 01:53:00.065 -03 [33] LOG:  could not open temporary statistics file "pg_stat_tmp/global.tmp": Permission denied
2022-09-03 01:53:00.065 -03 [33] LOG:  could not open temporary statistics file "pg_stat_tmp/global.tmp": Permission denied
2022-09-03 01:53:00.714 -03 [33] LOG:  could not open temporary statistics file "pg_stat_tmp/global.tmp": Permission denied
2022-09-03 01:53:00.715 -03 [33] LOG:  could not open temporary statistics file "pg_stat_tmp/global.tmp": Permission denied
2022-09-03 01:53:01.365 -03 [33] LOG:  could not open temporary statistics file "pg_stat_tmp/global.tmp": Permission denied
2022-09-03 01:53:01.365 -03 [33] LOG:  could not open temporary statistics file "pg_stat_tmp/global.tmp": Permission denied
2022-09-03 01:53:02.015 -03 [33] LOG:  could not open temporary statistics file "pg_stat_tmp/global.tmp": Permission denied
2022-09-03 01:53:02.015 -03 [33] LOG:  could not open temporary statistics file "pg_stat_tmp/global.tmp": Permission denied
2022-09-03 01:53:02.666 -03 [33] LOG:  could not open temporary statistics file "pg_stat_tmp/global.tmp": Permission denied
2022-09-03 01:53:02.666 -03 [33] LOG:  could not open temporary statistics file "pg_stat_tmp/global.tmp": Permission denied
2022-09-03 01:53:03.321 -03 [33] LOG:  could not open temporary statistics file "pg_stat_tmp/global.tmp": Permission denied
2022-09-03 01:53:03.321 -03 [33] LOG:  could not open temporary statistics file "pg_stat_tmp/global.tmp": Permission denied
2022-09-03 01:53:03.969 -03 [33] LOG:  could not open temporary statistics file "pg_stat_tmp/global.tmp": Permission denied
2022-09-03 01:53:03.969 -03 [33] LOG:  could not open temporary statistics file "pg_stat_tmp/global.tmp": Permission denied
2022-09-03 01:53:04.618 -03 [33] LOG:  could not open temporary statistics file "pg_stat_tmp/global.tmp": Permission denied
2022-09-03 01:53:04.618 -03 [33] LOG:  could not open temporary statistics file "pg_stat_tmp/global.tmp": Permission denied
2022-09-03 01:53:05.267 -03 [33] LOG:  could not open temporary statistics file "pg_stat_tmp/global.tmp": Permission denied
2022-09-03 01:53:05.267 -03 [33] LOG:  could not open temporary statistics file "pg_stat_tmp/global.tmp": Permission denied
2022-09-03 01:53:05.916 -03 [33] LOG:  could not open temporary statistics file "pg_stat_tmp/global.tmp": Permission denied
2022-09-03 01:53:05.916 -03 [33] LOG:  could not open temporary statistics file "pg_stat_tmp/global.tmp": Permission denied
2022-09-03 01:53:06.566 -03 [33] LOG:  could not open temporary statistics file "pg_stat_tmp/global.tmp": Permission denied
2022-09-03 01:53:06.566 -03 [33] LOG:  could not open temporary statistics file "pg_stat_tmp/global.tmp": Permission denied
2022-09-03 01:53:07.217 -03 [33] LOG:  could not open temporary statistics file "pg_stat_tmp/global.tmp": Permission denied
2022-09-03 01:53:07.217 -03 [33] LOG:  could not open temporary statistics file "pg_stat_tmp/global.tmp": Permission denied
2022-09-03 01:53:07.621 -03 [32] LOG:  using stale statistics instead of current ones because stats collector is not responding
2022-09-03 01:53:07.624 -03 [29] LOG:  shutting down
2022-09-03 01:53:07.624 -03 [29] PANIC:  could not open file "/var/lib/postgresql/data/global/pg_control": Permission denied
2022-09-03 01:53:07.625 -03 [1] LOG:  checkpointer process (PID 29) was terminated by signal 6: Aborted
2022-09-03 01:53:07.625 -03 [1] LOG:  terminating any other active server processes
2022-09-03 01:53:07.625 -03 [33] LOG:  could not open temporary statistics file "pg_stat/global.tmp": Permission denied
2022-09-03 01:53:07.626 -03 [1] LOG:  abnormal database system shutdown
2022-09-03 01:53:07.628 -03 [1] LOG:  database system is shut down
